2024-01-05:17:03:28 :: mainGUI.py :: handle_exception :: line 196 :: ERROR :: Uncaught exception
Traceback (most recent call last):
  File "/Users/mb/Documents/Syntuitio/AudreyHay/PlanB/Contrib/mainGUI.py", line 227, in <module>
    ctypes.windll.shell32.SetCurrentProcessExplicitAppUserModelID(myappid)
    ^^^^^^^^^^^^^
AttributeError: module 'ctypes' has no attribute 'windll'

During handling of the above exception, another exception occurred:

Traceback (most recent call last):
  File "/Users/mb/Documents/Syntuitio/AudreyHay/PlanB/Contrib/mainGUI.py", line 41, in onpagechange
    log("on page change: %s, %s" % (self.url(), ok))
    ^^^
NameError: name 'log' is not defined
2024-01-05:17:23:35 :: jupyterqt_simple.py :: log :: line 107 :: DEBUG :: Starting Jupyter notebook process
2024-01-05:17:23:35 :: jupyterqt_simple.py :: log :: line 107 :: DEBUG :: Waiting for server to start...
2024-01-05:17:23:36 :: jupyterqt_simple.py :: log :: line 107 :: DEBUG :: b'[W 2024-01-05 17:23:36.467 ServerApp] A `_jupyter_server_extension_points` function was not found in jupyter_lsp. Instead, a `_jupyter_server_extension_paths` function was found and will be used for now. This function name will be deprecated in future releases of Jupyter Server.\n'
2024-01-05:17:23:36 :: jupyterqt_simple.py :: log :: line 107 :: DEBUG :: b'[W 2024-01-05 17:23:36.472 ServerApp] A `_jupyter_server_extension_points` function was not found in notebook_shim. Instead, a `_jupyter_server_extension_paths` function was found and will be used for now. This function name will be deprecated in future releases of Jupyter Server.\n'
2024-01-05:17:23:36 :: jupyterqt_simple.py :: log :: line 107 :: DEBUG :: b'[I 2024-01-05 17:23:36.472 ServerApp] jupyter_lsp | extension was successfully linked.\n'
2024-01-05:17:23:36 :: jupyterqt_simple.py :: log :: line 107 :: DEBUG :: b'[I 2024-01-05 17:23:36.475 ServerApp] jupyter_server_terminals | extension was successfully linked.\n'
2024-01-05:17:23:36 :: jupyterqt_simple.py :: log :: line 107 :: DEBUG :: b'[I 2024-01-05 17:23:36.479 ServerApp] jupyterlab | extension was successfully linked.\n'
2024-01-05:17:23:36 :: jupyterqt_simple.py :: log :: line 107 :: DEBUG :: b'[I 2024-01-05 17:23:36.640 ServerApp] notebook_shim | extension was successfully linked.\n'
2024-01-05:17:23:36 :: jupyterqt_simple.py :: log :: line 107 :: DEBUG :: b'[I 2024-01-05 17:23:36.698 ServerApp] notebook_shim | extension was successfully loaded.\n'
2024-01-05:17:23:36 :: jupyterqt_simple.py :: log :: line 107 :: DEBUG :: b'[I 2024-01-05 17:23:36.700 ServerApp] jupyter_lsp | extension was successfully loaded.\n'
2024-01-05:17:23:36 :: jupyterqt_simple.py :: log :: line 107 :: DEBUG :: b'[I 2024-01-05 17:23:36.701 ServerApp] jupyter_server_terminals | extension was successfully loaded.\n'
2024-01-05:17:23:36 :: jupyterqt_simple.py :: log :: line 107 :: DEBUG :: b'[I 2024-01-05 17:23:36.702 LabApp] JupyterLab extension loaded from /Users/mb/Documents/Syntuitio/AudreyHay/PlanB/Contrib/venv312/lib/python3.12/site-packages/jupyterlab\n'
2024-01-05:17:23:36 :: jupyterqt_simple.py :: log :: line 107 :: DEBUG :: b'[I 2024-01-05 17:23:36.702 LabApp] JupyterLab application directory is /Users/mb/Documents/Syntuitio/AudreyHay/PlanB/Contrib/venv312/share/jupyter/lab\n'
2024-01-05:17:23:36 :: jupyterqt_simple.py :: log :: line 107 :: DEBUG :: b"[I 2024-01-05 17:23:36.702 LabApp] Extension Manager is 'pypi'.\n"
2024-01-05:17:23:36 :: jupyterqt_simple.py :: log :: line 107 :: DEBUG :: b'[I 2024-01-05 17:23:36.705 ServerApp] jupyterlab | extension was successfully loaded.\n'
2024-01-05:17:23:36 :: jupyterqt_simple.py :: log :: line 107 :: DEBUG :: b'[I 2024-01-05 17:23:36.706 ServerApp] The port 8888 is already in use, trying another port.\n'
2024-01-05:17:23:36 :: jupyterqt_simple.py :: log :: line 107 :: DEBUG :: b'[I 2024-01-05 17:23:36.706 ServerApp] The port 8889 is already in use, trying another port.\n'
2024-01-05:17:23:36 :: jupyterqt_simple.py :: log :: line 107 :: DEBUG :: b'[I 2024-01-05 17:23:36.707 ServerApp] Serving notebooks from local directory: /Users/mb/Documents/Syntuitio/AudreyHay/PlanB/python\n'
2024-01-05:17:23:36 :: jupyterqt_simple.py :: log :: line 107 :: DEBUG :: b'[I 2024-01-05 17:23:36.707 ServerApp] Jupyter Server 2.12.1 is running at:\n'
2024-01-05:17:23:36 :: jupyterqt_simple.py :: log :: line 107 :: DEBUG :: b'[I 2024-01-05 17:23:36.707 ServerApp] http://localhost:8890/lab?token=1d8b7565b2152838d80462cff562ab88f23334d5cf746180\n'
2024-01-05:17:23:36 :: jupyterqt_simple.py :: log :: line 107 :: DEBUG :: Server found at http://localhost:8890, migrating monitoring to listener thread
2024-01-05:17:23:36 :: jupyterqt_simple.py :: log :: line 107 :: DEBUG :: b'[I 2024-01-05 17:23:36.707 ServerApp]     http://127.0.0.1:8890/lab?token=1d8b7565b2152838d80462cff562ab88f23334d5cf746180\n'
2024-01-05:17:23:36 :: jupyterqt_simple.py :: log :: line 107 :: DEBUG :: b'[I 2024-01-05 17:23:36.707 ServerApp] Use Control-C to stop this server and shut down all kernels (twice to skip confirmation).\n'
2024-01-05:17:23:36 :: jupyterqt_simple.py :: log :: line 107 :: DEBUG :: Setting up GUI
2024-01-05:17:23:36 :: jupyterqt_simple.py :: log :: line 107 :: DEBUG :: b"[W 2024-01-05 17:23:36.712 ServerApp] No web browser found: Error('could not locate runnable browser').\n"
2024-01-05:17:23:36 :: jupyterqt_simple.py :: log :: line 107 :: DEBUG :: b'[C 2024-01-05 17:23:36.712 ServerApp] \n'
2024-01-05:17:23:36 :: jupyterqt_simple.py :: log :: line 107 :: DEBUG :: b'    \n'
2024-01-05:17:23:36 :: jupyterqt_simple.py :: log :: line 107 :: DEBUG :: b'    To access the server, open this file in a browser:\n'
2024-01-05:17:23:36 :: jupyterqt_simple.py :: log :: line 107 :: DEBUG :: b'        file:///Users/mb/Library/Jupyter/runtime/jpserver-66812-open.html\n'
2024-01-05:17:23:36 :: jupyterqt_simple.py :: log :: line 107 :: DEBUG :: b'    Or copy and paste one of these URLs:\n'
2024-01-05:17:23:36 :: jupyterqt_simple.py :: log :: line 107 :: DEBUG :: b'        http://localhost:8890/lab?token=1d8b7565b2152838d80462cff562ab88f23334d5cf746180\n'
2024-01-05:17:23:36 :: jupyterqt_simple.py :: log :: line 107 :: DEBUG :: b'        http://127.0.0.1:8890/lab?token=1d8b7565b2152838d80462cff562ab88f23334d5cf746180\n'
2024-01-05:17:23:36 :: jupyterqt_simple.py :: log :: line 107 :: DEBUG :: Starting Qt Event Loop
2024-01-05:17:23:37 :: jupyterqt_simple.py :: log :: line 107 :: DEBUG :: b'[I 2024-01-05 17:23:37.278 ServerApp] 302 GET / (@::1) 2.67ms\n'
2024-01-05:17:23:37 :: jupyterqt_simple.py :: log :: line 107 :: DEBUG :: b'[I 2024-01-05 17:23:37.300 LabApp] 302 GET /lab? (@::1) 2.22ms\n'
2024-01-05:17:23:37 :: jupyterqt_simple.py :: log :: line 107 :: DEBUG :: b'[I 2024-01-05 17:23:37.379 ServerApp] Skipped non-installed server(s): bash-language-server, dockerfile-language-server-nodejs, javascript-typescript-langserver, jedi-language-server, julia-language-server, pyright, python-language-server, python-lsp-server, r-languageserver, sql-language-server, texlab, typescript-language-server, unified-language-server, vscode-css-languageserver-bin, vscode-html-languageserver-bin, vscode-json-languageserver-bin, yaml-language-server\n'
2024-01-05:17:23:42 :: jupyterqt_simple.py :: log :: line 107 :: DEBUG :: Sending interrupt signal to jupyter-notebook
2024-01-05:17:23:42 :: jupyterqt_simple.py :: log :: line 107 :: DEBUG :: Waiting for jupyter to exit...
2024-01-05:17:23:42 :: jupyterqt_simple.py :: log :: line 107 :: DEBUG :: b'[I 2024-01-05 17:23:42.368 ServerApp] interrupted\n'
2024-01-05:17:23:42 :: jupyterqt_simple.py :: log :: line 107 :: DEBUG :: b'[C 2024-01-05 17:23:42.368 ServerApp] Shutting down...\n'
2024-01-05:17:23:42 :: jupyterqt_simple.py :: log :: line 107 :: DEBUG :: b'[I 2024-01-05 17:23:42.369 ServerApp] Shutting down 4 extensions\n'
2024-01-05:17:23:42 :: jupyterqt_simple.py :: log :: line 107 :: DEBUG :: b''
2024-01-05:17:23:42 :: jupyterqt_simple.py :: log :: line 107 :: DEBUG :: Exited.
2024-01-05:17:24:45 :: jupyterqt_simple.py :: log :: line 107 :: DEBUG :: Starting Jupyter notebook process
2024-01-05:17:24:45 :: jupyterqt_simple.py :: log :: line 107 :: DEBUG :: Waiting for server to start...
2024-01-05:17:24:46 :: jupyterqt_simple.py :: log :: line 107 :: DEBUG :: b'[W 2024-01-05 17:24:46.669 ServerApp] A `_jupyter_server_extension_points` function was not found in jupyter_lsp. Instead, a `_jupyter_server_extension_paths` function was found and will be used for now. This function name will be deprecated in future releases of Jupyter Server.\n'
2024-01-05:17:24:46 :: jupyterqt_simple.py :: log :: line 107 :: DEBUG :: b'[W 2024-01-05 17:24:46.673 ServerApp] A `_jupyter_server_extension_points` function was not found in notebook_shim. Instead, a `_jupyter_server_extension_paths` function was found and will be used for now. This function name will be deprecated in future releases of Jupyter Server.\n'
2024-01-05:17:24:46 :: jupyterqt_simple.py :: log :: line 107 :: DEBUG :: b'[I 2024-01-05 17:24:46.674 ServerApp] jupyter_lsp | extension was successfully linked.\n'
2024-01-05:17:24:46 :: jupyterqt_simple.py :: log :: line 107 :: DEBUG :: b'[I 2024-01-05 17:24:46.677 ServerApp] jupyter_server_terminals | extension was successfully linked.\n'
2024-01-05:17:24:46 :: jupyterqt_simple.py :: log :: line 107 :: DEBUG :: b'[I 2024-01-05 17:24:46.681 ServerApp] jupyterlab | extension was successfully linked.\n'
2024-01-05:17:24:46 :: jupyterqt_simple.py :: log :: line 107 :: DEBUG :: b'[I 2024-01-05 17:24:46.842 ServerApp] notebook_shim | extension was successfully linked.\n'
2024-01-05:17:24:46 :: jupyterqt_simple.py :: log :: line 107 :: DEBUG :: b'[I 2024-01-05 17:24:46.898 ServerApp] notebook_shim | extension was successfully loaded.\n'
2024-01-05:17:24:46 :: jupyterqt_simple.py :: log :: line 107 :: DEBUG :: b'[I 2024-01-05 17:24:46.900 ServerApp] jupyter_lsp | extension was successfully loaded.\n'
2024-01-05:17:24:46 :: jupyterqt_simple.py :: log :: line 107 :: DEBUG :: b'[I 2024-01-05 17:24:46.900 ServerApp] jupyter_server_terminals | extension was successfully loaded.\n'
2024-01-05:17:24:46 :: jupyterqt_simple.py :: log :: line 107 :: DEBUG :: b'[I 2024-01-05 17:24:46.903 LabApp] JupyterLab extension loaded from /Users/mb/Documents/Syntuitio/AudreyHay/PlanB/Contrib/venv312/lib/python3.12/site-packages/jupyterlab\n'
2024-01-05:17:24:46 :: jupyterqt_simple.py :: log :: line 107 :: DEBUG :: b'[I 2024-01-05 17:24:46.903 LabApp] JupyterLab application directory is /Users/mb/Documents/Syntuitio/AudreyHay/PlanB/Contrib/venv312/share/jupyter/lab\n'
2024-01-05:17:24:46 :: jupyterqt_simple.py :: log :: line 107 :: DEBUG :: b"[I 2024-01-05 17:24:46.903 LabApp] Extension Manager is 'pypi'.\n"
2024-01-05:17:24:46 :: jupyterqt_simple.py :: log :: line 107 :: DEBUG :: b'[I 2024-01-05 17:24:46.905 ServerApp] jupyterlab | extension was successfully loaded.\n'
2024-01-05:17:24:46 :: jupyterqt_simple.py :: log :: line 107 :: DEBUG :: b'[I 2024-01-05 17:24:46.906 ServerApp] The port 8888 is already in use, trying another port.\n'
2024-01-05:17:24:46 :: jupyterqt_simple.py :: log :: line 107 :: DEBUG :: b'[I 2024-01-05 17:24:46.907 ServerApp] The port 8889 is already in use, trying another port.\n'
2024-01-05:17:24:46 :: jupyterqt_simple.py :: log :: line 107 :: DEBUG :: b'[I 2024-01-05 17:24:46.907 ServerApp] Serving notebooks from local directory: /Users/mb/Documents/Syntuitio/AudreyHay/PlanB/python\n'
2024-01-05:17:24:46 :: jupyterqt_simple.py :: log :: line 107 :: DEBUG :: b'[I 2024-01-05 17:24:46.908 ServerApp] Jupyter Server 2.12.1 is running at:\n'
2024-01-05:17:24:46 :: jupyterqt_simple.py :: log :: line 107 :: DEBUG :: b'[I 2024-01-05 17:24:46.908 ServerApp] http://localhost:8890/lab?token=d54e3c9206ae1e220e8fd3809eb30855d4af38038c92ca11\n'
2024-01-05:17:24:46 :: jupyterqt_simple.py :: log :: line 107 :: DEBUG :: Server found at http://localhost:8890, migrating monitoring to listener thread
2024-01-05:17:24:46 :: jupyterqt_simple.py :: log :: line 107 :: DEBUG :: b'[I 2024-01-05 17:24:46.908 ServerApp]     http://127.0.0.1:8890/lab?token=d54e3c9206ae1e220e8fd3809eb30855d4af38038c92ca11\n'
2024-01-05:17:24:46 :: jupyterqt_simple.py :: log :: line 107 :: DEBUG :: Setting up GUI
2024-01-05:17:24:46 :: jupyterqt_simple.py :: log :: line 107 :: DEBUG :: b'[I 2024-01-05 17:24:46.908 ServerApp] Use Control-C to stop this server and shut down all kernels (twice to skip confirmation).\n'
2024-01-05:17:24:46 :: jupyterqt_simple.py :: log :: line 107 :: DEBUG :: b"[W 2024-01-05 17:24:46.912 ServerApp] No web browser found: Error('could not locate runnable browser').\n"
2024-01-05:17:24:46 :: jupyterqt_simple.py :: log :: line 107 :: DEBUG :: b'[C 2024-01-05 17:24:46.912 ServerApp] \n'
2024-01-05:17:24:46 :: jupyterqt_simple.py :: log :: line 107 :: DEBUG :: b'    \n'
2024-01-05:17:24:46 :: jupyterqt_simple.py :: log :: line 107 :: DEBUG :: b'    To access the server, open this file in a browser:\n'
2024-01-05:17:24:46 :: jupyterqt_simple.py :: log :: line 107 :: DEBUG :: b'        file:///Users/mb/Library/Jupyter/runtime/jpserver-66861-open.html\n'
2024-01-05:17:24:46 :: jupyterqt_simple.py :: log :: line 107 :: DEBUG :: b'    Or copy and paste one of these URLs:\n'
2024-01-05:17:24:46 :: jupyterqt_simple.py :: log :: line 107 :: DEBUG :: b'        http://localhost:8890/lab?token=d54e3c9206ae1e220e8fd3809eb30855d4af38038c92ca11\n'
2024-01-05:17:24:46 :: jupyterqt_simple.py :: log :: line 107 :: DEBUG :: b'        http://127.0.0.1:8890/lab?token=d54e3c9206ae1e220e8fd3809eb30855d4af38038c92ca11\n'
2024-01-05:17:24:47 :: jupyterqt_simple.py :: log :: line 107 :: DEBUG :: Starting Qt Event Loop
2024-01-05:17:24:47 :: jupyterqt_simple.py :: log :: line 107 :: DEBUG :: b'[I 2024-01-05 17:24:47.482 ServerApp] 302 GET / (@::1) 1.68ms\n'
2024-01-05:17:24:47 :: jupyterqt_simple.py :: log :: line 107 :: DEBUG :: b'[I 2024-01-05 17:24:47.501 LabApp] 302 GET /lab? (@::1) 1.18ms\n'
2024-01-05:17:24:47 :: jupyterqt_simple.py :: log :: line 107 :: DEBUG :: b'[I 2024-01-05 17:24:47.556 ServerApp] Skipped non-installed server(s): bash-language-server, dockerfile-language-server-nodejs, javascript-typescript-langserver, jedi-language-server, julia-language-server, pyright, python-language-server, python-lsp-server, r-languageserver, sql-language-server, texlab, typescript-language-server, unified-language-server, vscode-css-languageserver-bin, vscode-html-languageserver-bin, vscode-json-languageserver-bin, yaml-language-server\n'
2024-01-05:17:25:53 :: jupyterqt_simple.py :: log :: line 107 :: DEBUG :: Sending interrupt signal to jupyter-notebook
2024-01-05:17:25:53 :: jupyterqt_simple.py :: log :: line 107 :: DEBUG :: Waiting for jupyter to exit...
2024-01-05:17:25:53 :: jupyterqt_simple.py :: log :: line 107 :: DEBUG :: b'[I 2024-01-05 17:25:53.616 ServerApp] interrupted\n'
2024-01-05:17:25:53 :: jupyterqt_simple.py :: log :: line 107 :: DEBUG :: b'[C 2024-01-05 17:25:53.616 ServerApp] Shutting down...\n'
2024-01-05:17:25:53 :: jupyterqt_simple.py :: log :: line 107 :: DEBUG :: b'[I 2024-01-05 17:25:53.616 ServerApp] Shutting down 4 extensions\n'
2024-01-05:17:25:53 :: jupyterqt_simple.py :: log :: line 107 :: DEBUG :: b''
2024-01-05:17:25:53 :: jupyterqt_simple.py :: log :: line 107 :: DEBUG :: Exited.
2024-01-05:17:25:55 :: jupyterqt_simple.py :: log :: line 107 :: DEBUG :: Starting Jupyter notebook process
2024-01-05:17:25:55 :: jupyterqt_simple.py :: log :: line 107 :: DEBUG :: Waiting for server to start...
2024-01-05:17:25:56 :: jupyterqt_simple.py :: log :: line 107 :: DEBUG :: b'[W 2024-01-05 17:25:56.388 ServerApp] A `_jupyter_server_extension_points` function was not found in jupyter_lsp. Instead, a `_jupyter_server_extension_paths` function was found and will be used for now. This function name will be deprecated in future releases of Jupyter Server.\n'
2024-01-05:17:25:56 :: jupyterqt_simple.py :: log :: line 107 :: DEBUG :: b'[W 2024-01-05 17:25:56.394 ServerApp] A `_jupyter_server_extension_points` function was not found in notebook_shim. Instead, a `_jupyter_server_extension_paths` function was found and will be used for now. This function name will be deprecated in future releases of Jupyter Server.\n'
2024-01-05:17:25:56 :: jupyterqt_simple.py :: log :: line 107 :: DEBUG :: b'[I 2024-01-05 17:25:56.395 ServerApp] jupyter_lsp | extension was successfully linked.\n'
2024-01-05:17:25:56 :: jupyterqt_simple.py :: log :: line 107 :: DEBUG :: b'[I 2024-01-05 17:25:56.398 ServerApp] jupyter_server_terminals | extension was successfully linked.\n'
2024-01-05:17:25:56 :: jupyterqt_simple.py :: log :: line 107 :: DEBUG :: b'[I 2024-01-05 17:25:56.402 ServerApp] jupyterlab | extension was successfully linked.\n'
2024-01-05:17:25:56 :: jupyterqt_simple.py :: log :: line 107 :: DEBUG :: b'[I 2024-01-05 17:25:56.609 ServerApp] notebook_shim | extension was successfully linked.\n'
2024-01-05:17:25:56 :: jupyterqt_simple.py :: log :: line 107 :: DEBUG :: b'[I 2024-01-05 17:25:56.674 ServerApp] notebook_shim | extension was successfully loaded.\n'
2024-01-05:17:25:56 :: jupyterqt_simple.py :: log :: line 107 :: DEBUG :: b'[I 2024-01-05 17:25:56.676 ServerApp] jupyter_lsp | extension was successfully loaded.\n'
2024-01-05:17:25:56 :: jupyterqt_simple.py :: log :: line 107 :: DEBUG :: b'[I 2024-01-05 17:25:56.677 ServerApp] jupyter_server_terminals | extension was successfully loaded.\n'
2024-01-05:17:25:56 :: jupyterqt_simple.py :: log :: line 107 :: DEBUG :: b'[I 2024-01-05 17:25:56.678 LabApp] JupyterLab extension loaded from /Users/mb/Documents/Syntuitio/AudreyHay/PlanB/Contrib/venv312/lib/python3.12/site-packages/jupyterlab\n'
2024-01-05:17:25:56 :: jupyterqt_simple.py :: log :: line 107 :: DEBUG :: b'[I 2024-01-05 17:25:56.678 LabApp] JupyterLab application directory is /Users/mb/Documents/Syntuitio/AudreyHay/PlanB/Contrib/venv312/share/jupyter/lab\n'
2024-01-05:17:25:56 :: jupyterqt_simple.py :: log :: line 107 :: DEBUG :: b"[I 2024-01-05 17:25:56.678 LabApp] Extension Manager is 'pypi'.\n"
2024-01-05:17:25:56 :: jupyterqt_simple.py :: log :: line 107 :: DEBUG :: b'[I 2024-01-05 17:25:56.680 ServerApp] jupyterlab | extension was successfully loaded.\n'
2024-01-05:17:25:56 :: jupyterqt_simple.py :: log :: line 107 :: DEBUG :: b'[I 2024-01-05 17:25:56.681 ServerApp] The port 8888 is already in use, trying another port.\n'
2024-01-05:17:25:56 :: jupyterqt_simple.py :: log :: line 107 :: DEBUG :: b'[I 2024-01-05 17:25:56.682 ServerApp] The port 8889 is already in use, trying another port.\n'
2024-01-05:17:25:56 :: jupyterqt_simple.py :: log :: line 107 :: DEBUG :: b'[I 2024-01-05 17:25:56.683 ServerApp] Serving notebooks from local directory: /Users/mb/Documents/Syntuitio/AudreyHay/PlanB/python\n'
2024-01-05:17:25:56 :: jupyterqt_simple.py :: log :: line 107 :: DEBUG :: b'[I 2024-01-05 17:25:56.683 ServerApp] Jupyter Server 2.12.1 is running at:\n'
2024-01-05:17:25:56 :: jupyterqt_simple.py :: log :: line 107 :: DEBUG :: b'[I 2024-01-05 17:25:56.683 ServerApp] http://localhost:8890/lab?token=80926af3df2c58395100758e095b9c885de142c140186c35\n'
2024-01-05:17:25:56 :: jupyterqt_simple.py :: log :: line 107 :: DEBUG :: Server found at http://localhost:8890, migrating monitoring to listener thread
2024-01-05:17:25:56 :: jupyterqt_simple.py :: log :: line 107 :: DEBUG :: Setting up GUI
2024-01-05:17:25:56 :: jupyterqt_simple.py :: log :: line 107 :: DEBUG :: b'[I 2024-01-05 17:25:56.683 ServerApp]     http://127.0.0.1:8890/lab?token=80926af3df2c58395100758e095b9c885de142c140186c35\n'
2024-01-05:17:25:56 :: jupyterqt_simple.py :: log :: line 107 :: DEBUG :: b'[I 2024-01-05 17:25:56.683 ServerApp] Use Control-C to stop this server and shut down all kernels (twice to skip confirmation).\n'
2024-01-05:17:25:56 :: jupyterqt_simple.py :: log :: line 107 :: DEBUG :: b"[W 2024-01-05 17:25:56.688 ServerApp] No web browser found: Error('could not locate runnable browser').\n"
2024-01-05:17:25:56 :: jupyterqt_simple.py :: log :: line 107 :: DEBUG :: b'[C 2024-01-05 17:25:56.688 ServerApp] \n'
2024-01-05:17:25:56 :: jupyterqt_simple.py :: log :: line 107 :: DEBUG :: b'    \n'
2024-01-05:17:25:56 :: jupyterqt_simple.py :: log :: line 107 :: DEBUG :: b'    To access the server, open this file in a browser:\n'
2024-01-05:17:25:56 :: jupyterqt_simple.py :: log :: line 107 :: DEBUG :: b'        file:///Users/mb/Library/Jupyter/runtime/jpserver-66893-open.html\n'
2024-01-05:17:25:56 :: jupyterqt_simple.py :: log :: line 107 :: DEBUG :: b'    Or copy and paste one of these URLs:\n'
2024-01-05:17:25:56 :: jupyterqt_simple.py :: log :: line 107 :: DEBUG :: b'        http://localhost:8890/lab?token=80926af3df2c58395100758e095b9c885de142c140186c35\n'
2024-01-05:17:25:56 :: jupyterqt_simple.py :: log :: line 107 :: DEBUG :: b'        http://127.0.0.1:8890/lab?token=80926af3df2c58395100758e095b9c885de142c140186c35\n'
2024-01-05:17:25:56 :: jupyterqt_simple.py :: log :: line 107 :: DEBUG :: Starting Qt Event Loop
2024-01-05:17:25:57 :: jupyterqt_simple.py :: log :: line 107 :: DEBUG :: b'[I 2024-01-05 17:25:57.283 ServerApp] 302 GET / (@::1) 1.75ms\n'
2024-01-05:17:25:57 :: jupyterqt_simple.py :: log :: line 107 :: DEBUG :: b'[I 2024-01-05 17:25:57.288 LabApp] 302 GET /lab? (@::1) 1.12ms\n'
2024-01-05:17:25:57 :: jupyterqt_simple.py :: log :: line 107 :: DEBUG :: b'[I 2024-01-05 17:25:57.429 ServerApp] Skipped non-installed server(s): bash-language-server, dockerfile-language-server-nodejs, javascript-typescript-langserver, jedi-language-server, julia-language-server, pyright, python-language-server, python-lsp-server, r-languageserver, sql-language-server, texlab, typescript-language-server, unified-language-server, vscode-css-languageserver-bin, vscode-html-languageserver-bin, vscode-json-languageserver-bin, yaml-language-server\n'
2024-01-05:17:26:01 :: jupyterqt_simple.py :: log :: line 107 :: DEBUG :: Sending interrupt signal to jupyter-notebook
2024-01-05:17:26:01 :: jupyterqt_simple.py :: log :: line 107 :: DEBUG :: Waiting for jupyter to exit...
2024-01-05:17:26:01 :: jupyterqt_simple.py :: log :: line 107 :: DEBUG :: b'[I 2024-01-05 17:26:01.399 ServerApp] interrupted\n'
2024-01-05:17:26:01 :: jupyterqt_simple.py :: log :: line 107 :: DEBUG :: b'[C 2024-01-05 17:26:01.399 ServerApp] Shutting down...\n'
2024-01-05:17:26:01 :: jupyterqt_simple.py :: log :: line 107 :: DEBUG :: b'[I 2024-01-05 17:26:01.400 ServerApp] Shutting down 4 extensions\n'
2024-01-05:17:26:01 :: jupyterqt_simple.py :: log :: line 107 :: DEBUG :: b''
2024-01-05:17:26:01 :: jupyterqt_simple.py :: log :: line 107 :: DEBUG :: Exited.
2024-01-05:17:28:22 :: jupyterqt_simple.py :: log :: line 107 :: DEBUG :: Starting Jupyter notebook process
2024-01-05:17:28:22 :: jupyterqt_simple.py :: log :: line 107 :: DEBUG :: Waiting for server to start...
2024-01-05:17:28:22 :: jupyterqt_simple.py :: log :: line 107 :: DEBUG :: b'[W 2024-01-05 17:28:22.957 ServerApp] A `_jupyter_server_extension_points` function was not found in jupyter_lsp. Instead, a `_jupyter_server_extension_paths` function was found and will be used for now. This function name will be deprecated in future releases of Jupyter Server.\n'
2024-01-05:17:28:22 :: jupyterqt_simple.py :: log :: line 107 :: DEBUG :: b'[W 2024-01-05 17:28:22.962 ServerApp] A `_jupyter_server_extension_points` function was not found in notebook_shim. Instead, a `_jupyter_server_extension_paths` function was found and will be used for now. This function name will be deprecated in future releases of Jupyter Server.\n'
2024-01-05:17:28:22 :: jupyterqt_simple.py :: log :: line 107 :: DEBUG :: b'[I 2024-01-05 17:28:22.962 ServerApp] jupyter_lsp | extension was successfully linked.\n'
2024-01-05:17:28:22 :: jupyterqt_simple.py :: log :: line 107 :: DEBUG :: b'[I 2024-01-05 17:28:22.965 ServerApp] jupyter_server_terminals | extension was successfully linked.\n'
2024-01-05:17:28:22 :: jupyterqt_simple.py :: log :: line 107 :: DEBUG :: b'[I 2024-01-05 17:28:22.969 ServerApp] jupyterlab | extension was successfully linked.\n'
2024-01-05:17:28:23 :: jupyterqt_simple.py :: log :: line 107 :: DEBUG :: b'[I 2024-01-05 17:28:23.133 ServerApp] notebook_shim | extension was successfully linked.\n'
2024-01-05:17:28:23 :: jupyterqt_simple.py :: log :: line 107 :: DEBUG :: b'[I 2024-01-05 17:28:23.195 ServerApp] notebook_shim | extension was successfully loaded.\n'
2024-01-05:17:28:23 :: jupyterqt_simple.py :: log :: line 107 :: DEBUG :: b'[I 2024-01-05 17:28:23.197 ServerApp] jupyter_lsp | extension was successfully loaded.\n'
2024-01-05:17:28:23 :: jupyterqt_simple.py :: log :: line 107 :: DEBUG :: b'[I 2024-01-05 17:28:23.198 ServerApp] jupyter_server_terminals | extension was successfully loaded.\n'
2024-01-05:17:28:23 :: jupyterqt_simple.py :: log :: line 107 :: DEBUG :: b'[I 2024-01-05 17:28:23.199 LabApp] JupyterLab extension loaded from /Users/mb/Documents/Syntuitio/AudreyHay/PlanB/Contrib/venv312/lib/python3.12/site-packages/jupyterlab\n'
2024-01-05:17:28:23 :: jupyterqt_simple.py :: log :: line 107 :: DEBUG :: b'[I 2024-01-05 17:28:23.199 LabApp] JupyterLab application directory is /Users/mb/Documents/Syntuitio/AudreyHay/PlanB/Contrib/venv312/share/jupyter/lab\n'
2024-01-05:17:28:23 :: jupyterqt_simple.py :: log :: line 107 :: DEBUG :: b"[I 2024-01-05 17:28:23.199 LabApp] Extension Manager is 'pypi'.\n"
2024-01-05:17:28:23 :: jupyterqt_simple.py :: log :: line 107 :: DEBUG :: b'[I 2024-01-05 17:28:23.201 ServerApp] jupyterlab | extension was successfully loaded.\n'
2024-01-05:17:28:23 :: jupyterqt_simple.py :: log :: line 107 :: DEBUG :: b'[I 2024-01-05 17:28:23.202 ServerApp] The port 8888 is already in use, trying another port.\n'
2024-01-05:17:28:23 :: jupyterqt_simple.py :: log :: line 107 :: DEBUG :: b'[I 2024-01-05 17:28:23.203 ServerApp] The port 8889 is already in use, trying another port.\n'
2024-01-05:17:28:23 :: jupyterqt_simple.py :: log :: line 107 :: DEBUG :: b'[I 2024-01-05 17:28:23.205 ServerApp] Serving notebooks from local directory: /Users/mb/Documents/Syntuitio/AudreyHay/PlanB/python\n'
2024-01-05:17:28:23 :: jupyterqt_simple.py :: log :: line 107 :: DEBUG :: b'[I 2024-01-05 17:28:23.205 ServerApp] Jupyter Server 2.12.1 is running at:\n'
2024-01-05:17:28:23 :: jupyterqt_simple.py :: log :: line 107 :: DEBUG :: b'[I 2024-01-05 17:28:23.205 ServerApp] http://localhost:8890/lab?token=0f71ccaed63c2b164d10c24a67644a7e63d8909e40c466f1\n'
2024-01-05:17:28:23 :: jupyterqt_simple.py :: log :: line 107 :: DEBUG :: Server found at http://localhost:8890, migrating monitoring to listener thread
2024-01-05:17:28:23 :: jupyterqt_simple.py :: log :: line 107 :: DEBUG :: b'[I 2024-01-05 17:28:23.205 ServerApp]     http://127.0.0.1:8890/lab?token=0f71ccaed63c2b164d10c24a67644a7e63d8909e40c466f1\n'
2024-01-05:17:28:23 :: jupyterqt_simple.py :: log :: line 107 :: DEBUG :: b'[I 2024-01-05 17:28:23.205 ServerApp] Use Control-C to stop this server and shut down all kernels (twice to skip confirmation).\n'
2024-01-05:17:28:23 :: jupyterqt_simple.py :: log :: line 107 :: DEBUG :: Setting up GUI
2024-01-05:17:28:23 :: jupyterqt_simple.py :: log :: line 107 :: DEBUG :: b"[W 2024-01-05 17:28:23.209 ServerApp] No web browser found: Error('could not locate runnable browser').\n"
2024-01-05:17:28:23 :: jupyterqt_simple.py :: log :: line 107 :: DEBUG :: b'[C 2024-01-05 17:28:23.209 ServerApp] \n'
2024-01-05:17:28:23 :: jupyterqt_simple.py :: log :: line 107 :: DEBUG :: b'    \n'
2024-01-05:17:28:23 :: jupyterqt_simple.py :: log :: line 107 :: DEBUG :: b'    To access the server, open this file in a browser:\n'
2024-01-05:17:28:23 :: jupyterqt_simple.py :: log :: line 107 :: DEBUG :: b'        file:///Users/mb/Library/Jupyter/runtime/jpserver-66978-open.html\n'
2024-01-05:17:28:23 :: jupyterqt_simple.py :: log :: line 107 :: DEBUG :: b'    Or copy and paste one of these URLs:\n'
2024-01-05:17:28:23 :: jupyterqt_simple.py :: log :: line 107 :: DEBUG :: b'        http://localhost:8890/lab?token=0f71ccaed63c2b164d10c24a67644a7e63d8909e40c466f1\n'
2024-01-05:17:28:23 :: jupyterqt_simple.py :: log :: line 107 :: DEBUG :: b'        http://127.0.0.1:8890/lab?token=0f71ccaed63c2b164d10c24a67644a7e63d8909e40c466f1\n'
2024-01-05:17:28:23 :: jupyterqt_simple.py :: log :: line 107 :: DEBUG :: Starting Qt Event Loop
2024-01-05:17:28:23 :: jupyterqt_simple.py :: log :: line 107 :: DEBUG :: b'[I 2024-01-05 17:28:23.761 ServerApp] 302 GET / (@::1) 1.01ms\n'
2024-01-05:17:28:23 :: jupyterqt_simple.py :: log :: line 107 :: DEBUG :: b'[I 2024-01-05 17:28:23.782 LabApp] 302 GET /lab? (@::1) 3.55ms\n'
2024-01-05:17:28:23 :: jupyterqt_simple.py :: log :: line 107 :: DEBUG :: b'[I 2024-01-05 17:28:23.842 ServerApp] Skipped non-installed server(s): bash-language-server, dockerfile-language-server-nodejs, javascript-typescript-langserver, jedi-language-server, julia-language-server, pyright, python-language-server, python-lsp-server, r-languageserver, sql-language-server, texlab, typescript-language-server, unified-language-server, vscode-css-languageserver-bin, vscode-html-languageserver-bin, vscode-json-languageserver-bin, yaml-language-server\n'
2024-01-05:17:28:36 :: jupyterqt_simple.py :: log :: line 107 :: DEBUG :: Sending interrupt signal to jupyter-notebook
2024-01-05:17:28:36 :: jupyterqt_simple.py :: log :: line 107 :: DEBUG :: Waiting for jupyter to exit...
2024-01-05:17:28:36 :: jupyterqt_simple.py :: log :: line 107 :: DEBUG :: b'[I 2024-01-05 17:28:36.514 ServerApp] interrupted\n'
2024-01-05:17:28:36 :: jupyterqt_simple.py :: log :: line 107 :: DEBUG :: b'[C 2024-01-05 17:28:36.514 ServerApp] Shutting down...\n'
2024-01-05:17:28:36 :: jupyterqt_simple.py :: log :: line 107 :: DEBUG :: b'[I 2024-01-05 17:28:36.515 ServerApp] Shutting down 4 extensions\n'
2024-01-05:17:28:36 :: jupyterqt_simple.py :: log :: line 107 :: DEBUG :: b''
2024-01-05:17:28:36 :: jupyterqt_simple.py :: log :: line 107 :: DEBUG :: Exited.
2024-01-05:17:28:38 :: jupyterqt_simple.py :: log :: line 107 :: DEBUG :: Starting Jupyter notebook process
2024-01-05:17:28:38 :: jupyterqt_simple.py :: log :: line 107 :: DEBUG :: Waiting for server to start...
2024-01-05:17:28:38 :: jupyterqt_simple.py :: log :: line 107 :: DEBUG :: b'[W 2024-01-05 17:28:38.970 ServerApp] A `_jupyter_server_extension_points` function was not found in jupyter_lsp. Instead, a `_jupyter_server_extension_paths` function was found and will be used for now. This function name will be deprecated in future releases of Jupyter Server.\n'
2024-01-05:17:28:38 :: jupyterqt_simple.py :: log :: line 107 :: DEBUG :: b'[W 2024-01-05 17:28:38.974 ServerApp] A `_jupyter_server_extension_points` function was not found in notebook_shim. Instead, a `_jupyter_server_extension_paths` function was found and will be used for now. This function name will be deprecated in future releases of Jupyter Server.\n'
2024-01-05:17:28:38 :: jupyterqt_simple.py :: log :: line 107 :: DEBUG :: b'[I 2024-01-05 17:28:38.974 ServerApp] jupyter_lsp | extension was successfully linked.\n'
2024-01-05:17:28:38 :: jupyterqt_simple.py :: log :: line 107 :: DEBUG :: b'[I 2024-01-05 17:28:38.977 ServerApp] jupyter_server_terminals | extension was successfully linked.\n'
2024-01-05:17:28:38 :: jupyterqt_simple.py :: log :: line 107 :: DEBUG :: b'[I 2024-01-05 17:28:38.981 ServerApp] jupyterlab | extension was successfully linked.\n'
2024-01-05:17:28:39 :: jupyterqt_simple.py :: log :: line 107 :: DEBUG :: b'[I 2024-01-05 17:28:39.135 ServerApp] notebook_shim | extension was successfully linked.\n'
2024-01-05:17:28:39 :: jupyterqt_simple.py :: log :: line 107 :: DEBUG :: b'[I 2024-01-05 17:28:39.192 ServerApp] notebook_shim | extension was successfully loaded.\n'
2024-01-05:17:28:39 :: jupyterqt_simple.py :: log :: line 107 :: DEBUG :: b'[I 2024-01-05 17:28:39.194 ServerApp] jupyter_lsp | extension was successfully loaded.\n'
2024-01-05:17:28:39 :: jupyterqt_simple.py :: log :: line 107 :: DEBUG :: b'[I 2024-01-05 17:28:39.195 ServerApp] jupyter_server_terminals | extension was successfully loaded.\n'
2024-01-05:17:28:39 :: jupyterqt_simple.py :: log :: line 107 :: DEBUG :: b'[I 2024-01-05 17:28:39.196 LabApp] JupyterLab extension loaded from /Users/mb/Documents/Syntuitio/AudreyHay/PlanB/Contrib/venv312/lib/python3.12/site-packages/jupyterlab\n'
2024-01-05:17:28:39 :: jupyterqt_simple.py :: log :: line 107 :: DEBUG :: b'[I 2024-01-05 17:28:39.196 LabApp] JupyterLab application directory is /Users/mb/Documents/Syntuitio/AudreyHay/PlanB/Contrib/venv312/share/jupyter/lab\n'
2024-01-05:17:28:39 :: jupyterqt_simple.py :: log :: line 107 :: DEBUG :: b"[I 2024-01-05 17:28:39.196 LabApp] Extension Manager is 'pypi'.\n"
2024-01-05:17:28:39 :: jupyterqt_simple.py :: log :: line 107 :: DEBUG :: b'[I 2024-01-05 17:28:39.198 ServerApp] jupyterlab | extension was successfully loaded.\n'
2024-01-05:17:28:39 :: jupyterqt_simple.py :: log :: line 107 :: DEBUG :: b'[I 2024-01-05 17:28:39.199 ServerApp] The port 8888 is already in use, trying another port.\n'
2024-01-05:17:28:39 :: jupyterqt_simple.py :: log :: line 107 :: DEBUG :: b'[I 2024-01-05 17:28:39.200 ServerApp] The port 8889 is already in use, trying another port.\n'
2024-01-05:17:28:39 :: jupyterqt_simple.py :: log :: line 107 :: DEBUG :: b'[I 2024-01-05 17:28:39.201 ServerApp] Serving notebooks from local directory: /Users/mb/Documents/Syntuitio/AudreyHay/PlanB/python\n'
2024-01-05:17:28:39 :: jupyterqt_simple.py :: log :: line 107 :: DEBUG :: b'[I 2024-01-05 17:28:39.201 ServerApp] Jupyter Server 2.12.1 is running at:\n'
2024-01-05:17:28:39 :: jupyterqt_simple.py :: log :: line 107 :: DEBUG :: b'[I 2024-01-05 17:28:39.201 ServerApp] http://localhost:8890/lab?token=49f0021942f93903893077b873a4d3090370abf05fd13fee\n'
2024-01-05:17:28:39 :: jupyterqt_simple.py :: log :: line 107 :: DEBUG :: Server found at http://localhost:8890, migrating monitoring to listener thread
2024-01-05:17:28:39 :: jupyterqt_simple.py :: log :: line 107 :: DEBUG :: b'[I 2024-01-05 17:28:39.201 ServerApp]     http://127.0.0.1:8890/lab?token=49f0021942f93903893077b873a4d3090370abf05fd13fee\n'
2024-01-05:17:28:39 :: jupyterqt_simple.py :: log :: line 107 :: DEBUG :: b'[I 2024-01-05 17:28:39.201 ServerApp] Use Control-C to stop this server and shut down all kernels (twice to skip confirmation).\n'
2024-01-05:17:28:39 :: jupyterqt_simple.py :: log :: line 107 :: DEBUG :: Setting up GUI
2024-01-05:17:28:39 :: jupyterqt_simple.py :: log :: line 107 :: DEBUG :: b"[W 2024-01-05 17:28:39.206 ServerApp] No web browser found: Error('could not locate runnable browser').\n"
2024-01-05:17:28:39 :: jupyterqt_simple.py :: log :: line 107 :: DEBUG :: b'[C 2024-01-05 17:28:39.206 ServerApp] \n'
2024-01-05:17:28:39 :: jupyterqt_simple.py :: log :: line 107 :: DEBUG :: b'    \n'
2024-01-05:17:28:39 :: jupyterqt_simple.py :: log :: line 107 :: DEBUG :: b'    To access the server, open this file in a browser:\n'
2024-01-05:17:28:39 :: jupyterqt_simple.py :: log :: line 107 :: DEBUG :: b'        file:///Users/mb/Library/Jupyter/runtime/jpserver-66996-open.html\n'
2024-01-05:17:28:39 :: jupyterqt_simple.py :: log :: line 107 :: DEBUG :: b'    Or copy and paste one of these URLs:\n'
2024-01-05:17:28:39 :: jupyterqt_simple.py :: log :: line 107 :: DEBUG :: b'        http://localhost:8890/lab?token=49f0021942f93903893077b873a4d3090370abf05fd13fee\n'
2024-01-05:17:28:39 :: jupyterqt_simple.py :: log :: line 107 :: DEBUG :: b'        http://127.0.0.1:8890/lab?token=49f0021942f93903893077b873a4d3090370abf05fd13fee\n'
2024-01-05:17:28:39 :: jupyterqt_simple.py :: log :: line 107 :: DEBUG :: Starting Qt Event Loop
2024-01-05:17:28:39 :: jupyterqt_simple.py :: log :: line 107 :: DEBUG :: b'[I 2024-01-05 17:28:39.826 ServerApp] 302 GET / (@::1) 1.78ms\n'
2024-01-05:17:28:39 :: jupyterqt_simple.py :: log :: line 107 :: DEBUG :: b'[I 2024-01-05 17:28:39.832 ServerApp] Skipped non-installed server(s): bash-language-server, dockerfile-language-server-nodejs, javascript-typescript-langserver, jedi-language-server, julia-language-server, pyright, python-language-server, python-lsp-server, r-languageserver, sql-language-server, texlab, typescript-language-server, unified-language-server, vscode-css-languageserver-bin, vscode-html-languageserver-bin, vscode-json-languageserver-bin, yaml-language-server\n'
2024-01-05:17:28:39 :: jupyterqt_simple.py :: log :: line 107 :: DEBUG :: b'[I 2024-01-05 17:28:39.838 LabApp] 302 GET /lab? (@::1) 1.26ms\n'
2024-01-05:17:28:53 :: jupyterqt_simple.py :: log :: line 107 :: DEBUG :: Sending interrupt signal to jupyter-notebook
2024-01-05:17:28:53 :: jupyterqt_simple.py :: log :: line 107 :: DEBUG :: Waiting for jupyter to exit...
2024-01-05:17:28:53 :: jupyterqt_simple.py :: log :: line 107 :: DEBUG :: b'[I 2024-01-05 17:28:53.015 ServerApp] interrupted\n'
2024-01-05:17:28:53 :: jupyterqt_simple.py :: log :: line 107 :: DEBUG :: b'[C 2024-01-05 17:28:53.015 ServerApp] Shutting down...\n'
2024-01-05:17:28:53 :: jupyterqt_simple.py :: log :: line 107 :: DEBUG :: b'[I 2024-01-05 17:28:53.017 ServerApp] Shutting down 4 extensions\n'
2024-01-05:17:28:53 :: jupyterqt_simple.py :: log :: line 107 :: DEBUG :: b''
2024-01-05:17:28:53 :: jupyterqt_simple.py :: log :: line 107 :: DEBUG :: Exited.
2024-01-05:17:32:45 :: jupyterqt_simple.py :: log :: line 107 :: DEBUG :: Starting Jupyter notebook process
2024-01-05:17:32:45 :: jupyterqt_simple.py :: log :: line 107 :: DEBUG :: Waiting for server to start...
2024-01-05:17:32:46 :: jupyterqt_simple.py :: log :: line 107 :: DEBUG :: b'[W 2024-01-05 17:32:46.393 ServerApp] A `_jupyter_server_extension_points` function was not found in jupyter_lsp. Instead, a `_jupyter_server_extension_paths` function was found and will be used for now. This function name will be deprecated in future releases of Jupyter Server.\n'
2024-01-05:17:32:46 :: jupyterqt_simple.py :: log :: line 107 :: DEBUG :: b'[W 2024-01-05 17:32:46.399 ServerApp] A `_jupyter_server_extension_points` function was not found in notebook_shim. Instead, a `_jupyter_server_extension_paths` function was found and will be used for now. This function name will be deprecated in future releases of Jupyter Server.\n'
2024-01-05:17:32:46 :: jupyterqt_simple.py :: log :: line 107 :: DEBUG :: b'[I 2024-01-05 17:32:46.399 ServerApp] jupyter_lsp | extension was successfully linked.\n'
2024-01-05:17:32:46 :: jupyterqt_simple.py :: log :: line 107 :: DEBUG :: b'[I 2024-01-05 17:32:46.403 ServerApp] jupyter_server_terminals | extension was successfully linked.\n'
2024-01-05:17:32:46 :: jupyterqt_simple.py :: log :: line 107 :: DEBUG :: b'[I 2024-01-05 17:32:46.406 ServerApp] jupyterlab | extension was successfully linked.\n'
2024-01-05:17:32:46 :: jupyterqt_simple.py :: log :: line 107 :: DEBUG :: b'[I 2024-01-05 17:32:46.622 ServerApp] notebook_shim | extension was successfully linked.\n'
2024-01-05:17:32:46 :: jupyterqt_simple.py :: log :: line 107 :: DEBUG :: b'[I 2024-01-05 17:32:46.686 ServerApp] notebook_shim | extension was successfully loaded.\n'
2024-01-05:17:32:46 :: jupyterqt_simple.py :: log :: line 107 :: DEBUG :: b'[I 2024-01-05 17:32:46.688 ServerApp] jupyter_lsp | extension was successfully loaded.\n'
2024-01-05:17:32:46 :: jupyterqt_simple.py :: log :: line 107 :: DEBUG :: b'[I 2024-01-05 17:32:46.688 ServerApp] jupyter_server_terminals | extension was successfully loaded.\n'
2024-01-05:17:32:46 :: jupyterqt_simple.py :: log :: line 107 :: DEBUG :: b'[I 2024-01-05 17:32:46.690 LabApp] JupyterLab extension loaded from /Users/mb/Documents/Syntuitio/AudreyHay/PlanB/Contrib/venv312/lib/python3.12/site-packages/jupyterlab\n'
2024-01-05:17:32:46 :: jupyterqt_simple.py :: log :: line 107 :: DEBUG :: b'[I 2024-01-05 17:32:46.690 LabApp] JupyterLab application directory is /Users/mb/Documents/Syntuitio/AudreyHay/PlanB/Contrib/venv312/share/jupyter/lab\n'
2024-01-05:17:32:46 :: jupyterqt_simple.py :: log :: line 107 :: DEBUG :: b"[I 2024-01-05 17:32:46.690 LabApp] Extension Manager is 'pypi'.\n"
2024-01-05:17:32:46 :: jupyterqt_simple.py :: log :: line 107 :: DEBUG :: b'[I 2024-01-05 17:32:46.692 ServerApp] jupyterlab | extension was successfully loaded.\n'
2024-01-05:17:32:46 :: jupyterqt_simple.py :: log :: line 107 :: DEBUG :: b'[I 2024-01-05 17:32:46.693 ServerApp] The port 8888 is already in use, trying another port.\n'
2024-01-05:17:32:46 :: jupyterqt_simple.py :: log :: line 107 :: DEBUG :: b'[I 2024-01-05 17:32:46.694 ServerApp] The port 8889 is already in use, trying another port.\n'
2024-01-05:17:32:46 :: jupyterqt_simple.py :: log :: line 107 :: DEBUG :: b'[I 2024-01-05 17:32:46.695 ServerApp] Serving notebooks from local directory: /Users/mb/Documents/Syntuitio/AudreyHay/PlanB/python\n'
2024-01-05:17:32:46 :: jupyterqt_simple.py :: log :: line 107 :: DEBUG :: b'[I 2024-01-05 17:32:46.695 ServerApp] Jupyter Server 2.12.1 is running at:\n'
2024-01-05:17:32:46 :: jupyterqt_simple.py :: log :: line 107 :: DEBUG :: b'[I 2024-01-05 17:32:46.695 ServerApp] http://localhost:8890/lab?token=f707e99161181474990fbb1c823d6d8d332fc866c2aa059d\n'
2024-01-05:17:32:46 :: jupyterqt_simple.py :: log :: line 107 :: DEBUG :: Server found at http://localhost:8890/lab?token=f707e99161181474990fbb1c823d6d8d332fc866c2aa059d\n, migrating monitoring to listener thread
2024-01-05:17:32:46 :: jupyterqt_simple.py :: log :: line 107 :: DEBUG :: b'[I 2024-01-05 17:32:46.695 ServerApp]     http://127.0.0.1:8890/lab?token=f707e99161181474990fbb1c823d6d8d332fc866c2aa059d\n'
2024-01-05:17:32:46 :: jupyterqt_simple.py :: log :: line 107 :: DEBUG :: Setting up GUI
2024-01-05:17:32:46 :: jupyterqt_simple.py :: log :: line 107 :: DEBUG :: b'[I 2024-01-05 17:32:46.695 ServerApp] Use Control-C to stop this server and shut down all kernels (twice to skip confirmation).\n'
2024-01-05:17:32:46 :: jupyterqt_simple.py :: log :: line 107 :: DEBUG :: b"[W 2024-01-05 17:32:46.700 ServerApp] No web browser found: Error('could not locate runnable browser').\n"
2024-01-05:17:32:46 :: jupyterqt_simple.py :: log :: line 107 :: DEBUG :: b'[C 2024-01-05 17:32:46.700 ServerApp] \n'
2024-01-05:17:32:46 :: jupyterqt_simple.py :: log :: line 107 :: DEBUG :: b'    \n'
2024-01-05:17:32:46 :: jupyterqt_simple.py :: log :: line 107 :: DEBUG :: b'    To access the server, open this file in a browser:\n'
2024-01-05:17:32:46 :: jupyterqt_simple.py :: log :: line 107 :: DEBUG :: b'        file:///Users/mb/Library/Jupyter/runtime/jpserver-67101-open.html\n'
2024-01-05:17:32:46 :: jupyterqt_simple.py :: log :: line 107 :: DEBUG :: b'    Or copy and paste one of these URLs:\n'
2024-01-05:17:32:46 :: jupyterqt_simple.py :: log :: line 107 :: DEBUG :: b'        http://localhost:8890/lab?token=f707e99161181474990fbb1c823d6d8d332fc866c2aa059d\n'
2024-01-05:17:32:46 :: jupyterqt_simple.py :: log :: line 107 :: DEBUG :: b'        http://127.0.0.1:8890/lab?token=f707e99161181474990fbb1c823d6d8d332fc866c2aa059d\n'
2024-01-05:17:32:46 :: jupyterqt_simple.py :: log :: line 107 :: DEBUG :: Starting Qt Event Loop
2024-01-05:17:32:47 :: jupyterqt_simple.py :: log :: line 107 :: DEBUG :: b'[I 2024-01-05 17:32:47.473 ServerApp] Skipped non-installed server(s): bash-language-server, dockerfile-language-server-nodejs, javascript-typescript-langserver, jedi-language-server, julia-language-server, pyright, python-language-server, python-lsp-server, r-languageserver, sql-language-server, texlab, typescript-language-server, unified-language-server, vscode-css-languageserver-bin, vscode-html-languageserver-bin, vscode-json-languageserver-bin, yaml-language-server\n'
2024-01-05:17:32:47 :: jupyterqt_simple.py :: log :: line 107 :: DEBUG :: b'[I 2024-01-05 17:32:47.489 LabApp] 302 GET /lab?token=[secret] (@::1) 1.52ms\n'
2024-01-05:17:32:49 :: jupyterqt_simple.py :: log :: line 107 :: DEBUG :: Sending interrupt signal to jupyter-notebook
2024-01-05:17:32:49 :: jupyterqt_simple.py :: log :: line 107 :: DEBUG :: Waiting for jupyter to exit...
2024-01-05:17:32:49 :: jupyterqt_simple.py :: log :: line 107 :: DEBUG :: b'[I 2024-01-05 17:32:49.879 ServerApp] interrupted\n'
2024-01-05:17:32:49 :: jupyterqt_simple.py :: log :: line 107 :: DEBUG :: b'[C 2024-01-05 17:32:49.879 ServerApp] Shutting down...\n'
2024-01-05:17:32:49 :: jupyterqt_simple.py :: log :: line 107 :: DEBUG :: b'[I 2024-01-05 17:32:49.880 ServerApp] Shutting down 4 extensions\n'
2024-01-05:17:32:49 :: jupyterqt_simple.py :: log :: line 107 :: DEBUG :: b''
2024-01-05:17:32:49 :: jupyterqt_simple.py :: log :: line 107 :: DEBUG :: Exited.
2024-01-05:17:33:25 :: jupyterqt_simple.py :: log :: line 107 :: DEBUG :: Starting Jupyter notebook process
2024-01-05:17:33:25 :: jupyterqt_simple.py :: log :: line 107 :: DEBUG :: Waiting for server to start...
2024-01-05:17:33:26 :: jupyterqt_simple.py :: log :: line 107 :: DEBUG :: b'[W 2024-01-05 17:33:26.747 ServerApp] A `_jupyter_server_extension_points` function was not found in jupyter_lsp. Instead, a `_jupyter_server_extension_paths` function was found and will be used for now. This function name will be deprecated in future releases of Jupyter Server.\n'
2024-01-05:17:33:26 :: jupyterqt_simple.py :: log :: line 107 :: DEBUG :: b'[W 2024-01-05 17:33:26.751 ServerApp] A `_jupyter_server_extension_points` function was not found in notebook_shim. Instead, a `_jupyter_server_extension_paths` function was found and will be used for now. This function name will be deprecated in future releases of Jupyter Server.\n'
2024-01-05:17:33:26 :: jupyterqt_simple.py :: log :: line 107 :: DEBUG :: b'[I 2024-01-05 17:33:26.751 ServerApp] jupyter_lsp | extension was successfully linked.\n'
2024-01-05:17:33:26 :: jupyterqt_simple.py :: log :: line 107 :: DEBUG :: b'[I 2024-01-05 17:33:26.755 ServerApp] jupyter_server_terminals | extension was successfully linked.\n'
2024-01-05:17:33:26 :: jupyterqt_simple.py :: log :: line 107 :: DEBUG :: b'[I 2024-01-05 17:33:26.758 ServerApp] jupyterlab | extension was successfully linked.\n'
2024-01-05:17:33:26 :: jupyterqt_simple.py :: log :: line 107 :: DEBUG :: b'[I 2024-01-05 17:33:26.912 ServerApp] notebook_shim | extension was successfully linked.\n'
2024-01-05:17:33:26 :: jupyterqt_simple.py :: log :: line 107 :: DEBUG :: b'[I 2024-01-05 17:33:26.963 ServerApp] notebook_shim | extension was successfully loaded.\n'
2024-01-05:17:33:26 :: jupyterqt_simple.py :: log :: line 107 :: DEBUG :: b'[I 2024-01-05 17:33:26.965 ServerApp] jupyter_lsp | extension was successfully loaded.\n'
2024-01-05:17:33:26 :: jupyterqt_simple.py :: log :: line 107 :: DEBUG :: b'[I 2024-01-05 17:33:26.966 ServerApp] jupyter_server_terminals | extension was successfully loaded.\n'
2024-01-05:17:33:26 :: jupyterqt_simple.py :: log :: line 107 :: DEBUG :: b'[I 2024-01-05 17:33:26.967 LabApp] JupyterLab extension loaded from /Users/mb/Documents/Syntuitio/AudreyHay/PlanB/Contrib/venv312/lib/python3.12/site-packages/jupyterlab\n'
2024-01-05:17:33:26 :: jupyterqt_simple.py :: log :: line 107 :: DEBUG :: b'[I 2024-01-05 17:33:26.967 LabApp] JupyterLab application directory is /Users/mb/Documents/Syntuitio/AudreyHay/PlanB/Contrib/venv312/share/jupyter/lab\n'
2024-01-05:17:33:26 :: jupyterqt_simple.py :: log :: line 107 :: DEBUG :: b"[I 2024-01-05 17:33:26.967 LabApp] Extension Manager is 'pypi'.\n"
2024-01-05:17:33:26 :: jupyterqt_simple.py :: log :: line 107 :: DEBUG :: b'[I 2024-01-05 17:33:26.969 ServerApp] jupyterlab | extension was successfully loaded.\n'
2024-01-05:17:33:26 :: jupyterqt_simple.py :: log :: line 107 :: DEBUG :: b'[I 2024-01-05 17:33:26.971 ServerApp] The port 8888 is already in use, trying another port.\n'
2024-01-05:17:33:26 :: jupyterqt_simple.py :: log :: line 107 :: DEBUG :: b'[I 2024-01-05 17:33:26.972 ServerApp] The port 8889 is already in use, trying another port.\n'
2024-01-05:17:33:26 :: jupyterqt_simple.py :: log :: line 107 :: DEBUG :: b'[I 2024-01-05 17:33:26.973 ServerApp] Serving notebooks from local directory: /Users/mb/Documents/Syntuitio/AudreyHay/PlanB/python\n'
2024-01-05:17:33:26 :: jupyterqt_simple.py :: log :: line 107 :: DEBUG :: b'[I 2024-01-05 17:33:26.973 ServerApp] Jupyter Server 2.12.1 is running at:\n'
2024-01-05:17:33:26 :: jupyterqt_simple.py :: log :: line 107 :: DEBUG :: b'[I 2024-01-05 17:33:26.973 ServerApp] http://localhost:8890/lab?token=d457c7839adfc5fa285cbabbfc54c59b715fcdd06a41e1e2\n'
2024-01-05:17:33:26 :: jupyterqt_simple.py :: log :: line 107 :: DEBUG :: Server found at http://localhost:8890/lab?token=d457c7839adfc5fa285cbabbfc54c59b715fcdd06a41e1e2\n, migrating monitoring to listener thread
2024-01-05:17:33:26 :: jupyterqt_simple.py :: log :: line 107 :: DEBUG :: b'[I 2024-01-05 17:33:26.973 ServerApp]     http://127.0.0.1:8890/lab?token=d457c7839adfc5fa285cbabbfc54c59b715fcdd06a41e1e2\n'
2024-01-05:17:33:26 :: jupyterqt_simple.py :: log :: line 107 :: DEBUG :: Setting up GUI
2024-01-05:17:33:26 :: jupyterqt_simple.py :: log :: line 107 :: DEBUG :: b'[I 2024-01-05 17:33:26.973 ServerApp] Use Control-C to stop this server and shut down all kernels (twice to skip confirmation).\n'
2024-01-05:17:33:26 :: jupyterqt_simple.py :: log :: line 107 :: DEBUG :: b"[W 2024-01-05 17:33:26.977 ServerApp] No web browser found: Error('could not locate runnable browser').\n"
2024-01-05:17:33:26 :: jupyterqt_simple.py :: log :: line 107 :: DEBUG :: b'[C 2024-01-05 17:33:26.977 ServerApp] \n'
2024-01-05:17:33:26 :: jupyterqt_simple.py :: log :: line 107 :: DEBUG :: b'    \n'
2024-01-05:17:33:26 :: jupyterqt_simple.py :: log :: line 107 :: DEBUG :: b'    To access the server, open this file in a browser:\n'
2024-01-05:17:33:26 :: jupyterqt_simple.py :: log :: line 107 :: DEBUG :: b'        file:///Users/mb/Library/Jupyter/runtime/jpserver-67129-open.html\n'
2024-01-05:17:33:26 :: jupyterqt_simple.py :: log :: line 107 :: DEBUG :: b'    Or copy and paste one of these URLs:\n'
2024-01-05:17:33:26 :: jupyterqt_simple.py :: log :: line 107 :: DEBUG :: b'        http://localhost:8890/lab?token=d457c7839adfc5fa285cbabbfc54c59b715fcdd06a41e1e2\n'
2024-01-05:17:33:26 :: jupyterqt_simple.py :: log :: line 107 :: DEBUG :: b'        http://127.0.0.1:8890/lab?token=d457c7839adfc5fa285cbabbfc54c59b715fcdd06a41e1e2\n'
2024-01-05:17:33:27 :: jupyterqt_simple.py :: log :: line 107 :: DEBUG :: Starting Qt Event Loop
2024-01-05:17:33:27 :: jupyterqt_simple.py :: log :: line 107 :: DEBUG :: b'[I 2024-01-05 17:33:27.562 LabApp] 302 GET /lab?token=[secret] (@::1) 3.78ms\n'
2024-01-05:17:33:27 :: jupyterqt_simple.py :: log :: line 107 :: DEBUG :: b'[I 2024-01-05 17:33:27.633 ServerApp] Skipped non-installed server(s): bash-language-server, dockerfile-language-server-nodejs, javascript-typescript-langserver, jedi-language-server, julia-language-server, pyright, python-language-server, python-lsp-server, r-languageserver, sql-language-server, texlab, typescript-language-server, unified-language-server, vscode-css-languageserver-bin, vscode-html-languageserver-bin, vscode-json-languageserver-bin, yaml-language-server\n'
2024-01-05:17:33:47 :: jupyterqt_simple.py :: log :: line 107 :: DEBUG :: Sending interrupt signal to jupyter-notebook
2024-01-05:17:33:47 :: jupyterqt_simple.py :: log :: line 107 :: DEBUG :: Waiting for jupyter to exit...
2024-01-05:17:33:47 :: jupyterqt_simple.py :: log :: line 107 :: DEBUG :: b'[I 2024-01-05 17:33:47.335 ServerApp] interrupted\n'
2024-01-05:17:33:47 :: jupyterqt_simple.py :: log :: line 107 :: DEBUG :: b'[C 2024-01-05 17:33:47.335 ServerApp] Shutting down...\n'
2024-01-05:17:33:47 :: jupyterqt_simple.py :: log :: line 107 :: DEBUG :: b'[I 2024-01-05 17:33:47.336 ServerApp] Shutting down 4 extensions\n'
2024-01-05:17:33:47 :: jupyterqt_simple.py :: log :: line 107 :: DEBUG :: b''
2024-01-05:17:33:47 :: jupyterqt_simple.py :: log :: line 107 :: DEBUG :: Exited.
2024-01-05:17:33:54 :: jupyterqt_simple.py :: log :: line 107 :: DEBUG :: Starting Jupyter notebook process
2024-01-05:17:33:54 :: jupyterqt_simple.py :: log :: line 107 :: DEBUG :: Waiting for server to start...
2024-01-05:17:33:55 :: jupyterqt_simple.py :: log :: line 107 :: DEBUG :: b'[W 2024-01-05 17:33:55.110 ServerApp] A `_jupyter_server_extension_points` function was not found in jupyter_lsp. Instead, a `_jupyter_server_extension_paths` function was found and will be used for now. This function name will be deprecated in future releases of Jupyter Server.\n'
2024-01-05:17:33:55 :: jupyterqt_simple.py :: log :: line 107 :: DEBUG :: b'[W 2024-01-05 17:33:55.115 ServerApp] A `_jupyter_server_extension_points` function was not found in notebook_shim. Instead, a `_jupyter_server_extension_paths` function was found and will be used for now. This function name will be deprecated in future releases of Jupyter Server.\n'
2024-01-05:17:33:55 :: jupyterqt_simple.py :: log :: line 107 :: DEBUG :: b'[I 2024-01-05 17:33:55.115 ServerApp] jupyter_lsp | extension was successfully linked.\n'
2024-01-05:17:33:55 :: jupyterqt_simple.py :: log :: line 107 :: DEBUG :: b'[I 2024-01-05 17:33:55.118 ServerApp] jupyter_server_terminals | extension was successfully linked.\n'
2024-01-05:17:33:55 :: jupyterqt_simple.py :: log :: line 107 :: DEBUG :: b'[I 2024-01-05 17:33:55.122 ServerApp] jupyterlab | extension was successfully linked.\n'
2024-01-05:17:33:55 :: jupyterqt_simple.py :: log :: line 107 :: DEBUG :: b'[I 2024-01-05 17:33:55.277 ServerApp] notebook_shim | extension was successfully linked.\n'
2024-01-05:17:33:55 :: jupyterqt_simple.py :: log :: line 107 :: DEBUG :: b'[I 2024-01-05 17:33:55.332 ServerApp] notebook_shim | extension was successfully loaded.\n'
2024-01-05:17:33:55 :: jupyterqt_simple.py :: log :: line 107 :: DEBUG :: b'[I 2024-01-05 17:33:55.334 ServerApp] jupyter_lsp | extension was successfully loaded.\n'
2024-01-05:17:33:55 :: jupyterqt_simple.py :: log :: line 107 :: DEBUG :: b'[I 2024-01-05 17:33:55.335 ServerApp] jupyter_server_terminals | extension was successfully loaded.\n'
2024-01-05:17:33:55 :: jupyterqt_simple.py :: log :: line 107 :: DEBUG :: b'[I 2024-01-05 17:33:55.336 LabApp] JupyterLab extension loaded from /Users/mb/Documents/Syntuitio/AudreyHay/PlanB/Contrib/venv312/lib/python3.12/site-packages/jupyterlab\n'
2024-01-05:17:33:55 :: jupyterqt_simple.py :: log :: line 107 :: DEBUG :: b'[I 2024-01-05 17:33:55.336 LabApp] JupyterLab application directory is /Users/mb/Documents/Syntuitio/AudreyHay/PlanB/Contrib/venv312/share/jupyter/lab\n'
2024-01-05:17:33:55 :: jupyterqt_simple.py :: log :: line 107 :: DEBUG :: b"[I 2024-01-05 17:33:55.336 LabApp] Extension Manager is 'pypi'.\n"
2024-01-05:17:33:55 :: jupyterqt_simple.py :: log :: line 107 :: DEBUG :: b'[I 2024-01-05 17:33:55.338 ServerApp] jupyterlab | extension was successfully loaded.\n'
2024-01-05:17:33:55 :: jupyterqt_simple.py :: log :: line 107 :: DEBUG :: b'[I 2024-01-05 17:33:55.340 ServerApp] The port 8888 is already in use, trying another port.\n'
2024-01-05:17:33:55 :: jupyterqt_simple.py :: log :: line 107 :: DEBUG :: b'[I 2024-01-05 17:33:55.340 ServerApp] The port 8889 is already in use, trying another port.\n'
2024-01-05:17:33:55 :: jupyterqt_simple.py :: log :: line 107 :: DEBUG :: b'[I 2024-01-05 17:33:55.341 ServerApp] Serving notebooks from local directory: /Users/mb/Documents/Syntuitio/AudreyHay/PlanB/python\n'
2024-01-05:17:33:55 :: jupyterqt_simple.py :: log :: line 107 :: DEBUG :: b'[I 2024-01-05 17:33:55.341 ServerApp] Jupyter Server 2.12.1 is running at:\n'
2024-01-05:17:33:55 :: jupyterqt_simple.py :: log :: line 107 :: DEBUG :: b'[I 2024-01-05 17:33:55.341 ServerApp] http://localhost:8890/lab?token=afddfefe2f9a277312a0fcfa69685bb467766a1d81bdf643\n'
2024-01-05:17:33:55 :: jupyterqt_simple.py :: log :: line 107 :: DEBUG :: Server found at http://localhost:8890/lab?token=afddfefe2f9a277312a0fcfa69685bb467766a1d81bdf643, migrating monitoring to listener thread
2024-01-05:17:33:55 :: jupyterqt_simple.py :: log :: line 107 :: DEBUG :: Setting up GUI
2024-01-05:17:33:55 :: jupyterqt_simple.py :: log :: line 107 :: DEBUG :: b'[I 2024-01-05 17:33:55.341 ServerApp]     http://127.0.0.1:8890/lab?token=afddfefe2f9a277312a0fcfa69685bb467766a1d81bdf643\n'
2024-01-05:17:33:55 :: jupyterqt_simple.py :: log :: line 107 :: DEBUG :: b'[I 2024-01-05 17:33:55.341 ServerApp] Use Control-C to stop this server and shut down all kernels (twice to skip confirmation).\n'
2024-01-05:17:33:55 :: jupyterqt_simple.py :: log :: line 107 :: DEBUG :: b"[W 2024-01-05 17:33:55.346 ServerApp] No web browser found: Error('could not locate runnable browser').\n"
2024-01-05:17:33:55 :: jupyterqt_simple.py :: log :: line 107 :: DEBUG :: b'[C 2024-01-05 17:33:55.346 ServerApp] \n'
2024-01-05:17:33:55 :: jupyterqt_simple.py :: log :: line 107 :: DEBUG :: b'    \n'
2024-01-05:17:33:55 :: jupyterqt_simple.py :: log :: line 107 :: DEBUG :: b'    To access the server, open this file in a browser:\n'
2024-01-05:17:33:55 :: jupyterqt_simple.py :: log :: line 107 :: DEBUG :: b'        file:///Users/mb/Library/Jupyter/runtime/jpserver-67148-open.html\n'
2024-01-05:17:33:55 :: jupyterqt_simple.py :: log :: line 107 :: DEBUG :: b'    Or copy and paste one of these URLs:\n'
2024-01-05:17:33:55 :: jupyterqt_simple.py :: log :: line 107 :: DEBUG :: b'        http://localhost:8890/lab?token=afddfefe2f9a277312a0fcfa69685bb467766a1d81bdf643\n'
2024-01-05:17:33:55 :: jupyterqt_simple.py :: log :: line 107 :: DEBUG :: b'        http://127.0.0.1:8890/lab?token=afddfefe2f9a277312a0fcfa69685bb467766a1d81bdf643\n'
2024-01-05:17:33:55 :: jupyterqt_simple.py :: log :: line 107 :: DEBUG :: Starting Qt Event Loop
2024-01-05:17:33:55 :: jupyterqt_simple.py :: log :: line 107 :: DEBUG :: b'[I 2024-01-05 17:33:55.987 ServerApp] Skipped non-installed server(s): bash-language-server, dockerfile-language-server-nodejs, javascript-typescript-langserver, jedi-language-server, julia-language-server, pyright, python-language-server, python-lsp-server, r-languageserver, sql-language-server, texlab, typescript-language-server, unified-language-server, vscode-css-languageserver-bin, vscode-html-languageserver-bin, vscode-json-languageserver-bin, yaml-language-server\n'
2024-01-05:17:33:56 :: jupyterqt_simple.py :: log :: line 107 :: DEBUG :: b'0.00s - Debugger warning: It seems that frozen modules are being used, which may\n'
2024-01-05:17:33:56 :: jupyterqt_simple.py :: log :: line 107 :: DEBUG :: b'0.00s - make the debugger miss breakpoints. Please pass -Xfrozen_modules=off\n'
2024-01-05:17:33:56 :: jupyterqt_simple.py :: log :: line 107 :: DEBUG :: b'0.00s - to python to disable frozen modules.\n'
2024-01-05:17:33:56 :: jupyterqt_simple.py :: log :: line 107 :: DEBUG :: b'0.00s - Note: Debugging will proceed. Set PYDEVD_DISABLE_FILE_VALIDATION=1 to disable this validation.\n'
2024-01-05:17:33:57 :: jupyterqt_simple.py :: log :: line 107 :: DEBUG :: b'[W 2024-01-05 17:33:57.679 LabApp] Could not determine jupyterlab build status without nodejs\n'
2024-01-05:17:33:58 :: jupyterqt_simple.py :: log :: line 107 :: DEBUG :: b'[I 2024-01-05 17:33:58.827 ServerApp] Kernel started: 88cf08b6-114e-4b1e-92f9-ddb1e382b62e\n'
2024-01-05:17:33:59 :: jupyterqt_simple.py :: log :: line 107 :: DEBUG :: b'0.00s - Debugger warning: It seems that frozen modules are being used, which may\n'
2024-01-05:17:33:59 :: jupyterqt_simple.py :: log :: line 107 :: DEBUG :: b'0.00s - make the debugger miss breakpoints. Please pass -Xfrozen_modules=off\n'
2024-01-05:17:33:59 :: jupyterqt_simple.py :: log :: line 107 :: DEBUG :: b'0.00s - to python to disable frozen modules.\n'
2024-01-05:17:33:59 :: jupyterqt_simple.py :: log :: line 107 :: DEBUG :: b'0.00s - Note: Debugging will proceed. Set PYDEVD_DISABLE_FILE_VALIDATION=1 to disable this validation.\n'
2024-01-05:17:33:59 :: jupyterqt_simple.py :: log :: line 107 :: DEBUG :: b'[I 2024-01-05 17:33:59.451 ServerApp] Connecting to kernel 88cf08b6-114e-4b1e-92f9-ddb1e382b62e.\n'
2024-01-05:17:33:59 :: jupyterqt_simple.py :: log :: line 107 :: DEBUG :: b'[I 2024-01-05 17:33:59.453 ServerApp] Connecting to kernel 88cf08b6-114e-4b1e-92f9-ddb1e382b62e.\n'
2024-01-05:17:33:59 :: jupyterqt_simple.py :: log :: line 107 :: DEBUG :: b'[I 2024-01-05 17:33:59.470 ServerApp] Connecting to kernel 88cf08b6-114e-4b1e-92f9-ddb1e382b62e.\n'
2024-01-05:17:34:06 :: jupyterqt_simple.py :: log :: line 107 :: DEBUG :: Sending interrupt signal to jupyter-notebook
2024-01-05:17:34:06 :: jupyterqt_simple.py :: log :: line 107 :: DEBUG :: Waiting for jupyter to exit...
2024-01-05:17:34:06 :: jupyterqt_simple.py :: log :: line 107 :: DEBUG :: b'[I 2024-01-05 17:34:06.067 ServerApp] interrupted\n'
2024-01-05:17:34:06 :: jupyterqt_simple.py :: log :: line 107 :: DEBUG :: b'[C 2024-01-05 17:34:06.067 ServerApp] Shutting down...\n'
2024-01-05:17:34:06 :: jupyterqt_simple.py :: log :: line 107 :: DEBUG :: b'[I 2024-01-05 17:34:06.068 ServerApp] Shutting down 4 extensions\n'
2024-01-05:17:34:06 :: jupyterqt_simple.py :: log :: line 107 :: DEBUG :: b'[I 2024-01-05 17:34:06.068 ServerApp] Shutting down 1 kernel\n'
2024-01-05:17:34:06 :: jupyterqt_simple.py :: log :: line 107 :: DEBUG :: b'[I 2024-01-05 17:34:06.069 ServerApp] Kernel shutdown: 88cf08b6-114e-4b1e-92f9-ddb1e382b62e\n'
2024-01-05:17:34:06 :: jupyterqt_simple.py :: log :: line 107 :: DEBUG :: b''
2024-01-05:17:34:06 :: jupyterqt_simple.py :: log :: line 107 :: DEBUG :: Exited.
